app/build/intermediates/manifest_merge_blame_file/debug/manifest-merger-blame-debug-report.txt
1<?xml version="1.0" encoding="utf-8"?>
2<manifest xmlns:android="http://schemas.android.com/apk/res/android"
3    package="cn.wch.ch34xuartdemo"
4    android:versionCode="12"
5    android:versionName="1.2" >
6
7    <uses-sdk
8        android:minSdkVersion="16"
8-->src\main\AndroidManifest.xml
9        android:targetSdkVersion="26" />
9-->src\main\AndroidManifest.xml
10
11    <uses-feature android:name="android.hardware.usb.host" />
11-->src\main\AndroidManifest.xml:6:2-59
11-->src\main\AndroidManifest.xml:6:16-56
12
13    <uses-permission android:name="android.permission.READ_EXTERNAL_STORAGE" />
13-->src\main\AndroidManifest.xml:8:5-79
13-->src\main\AndroidManifest.xml:8:22-77
14    <uses-permission android:name="android.permission.WRITE_EXTERNAL_STORAGE" />
14-->src\main\AndroidManifest.xml:9:5-80
14-->src\main\AndroidManifest.xml:9:22-78
15
16    <application
16-->src\main\AndroidManifest.xml:11:5-45:19
17        android:allowBackup="true"
17-->src\main\AndroidManifest.xml:12:9-35
18        android:debuggable="true"
19        android:icon="@drawable/icon"
19-->src\main\AndroidManifest.xml:13:9-38
20        android:label="@string/app_name"
20-->src\main\AndroidManifest.xml:14:9-41
21        android:testOnly="true"
22        android:theme="@style/AppTheme" >
22-->src\main\AndroidManifest.xml:15:9-40
23        <activity
23-->src\main\AndroidManifest.xml:16:9-41:20
24            android:name="cn.wch.ch34xuartdriver.MainActivity"
24-->src\main\AndroidManifest.xml:17:13-63
25            android:configChanges="keyboardHidden|orientation|screenSize"
25-->src\main\AndroidManifest.xml:20:13-74
26            android:label="@string/app_name"
26-->src\main\AndroidManifest.xml:19:13-45
27            android:launchMode="singleTask"
27-->src\main\AndroidManifest.xml:21:13-44
28            android:screenOrientation="landscape" >
28-->src\main\AndroidManifest.xml:18:13-50
29            <intent-filter>
29-->src\main\AndroidManifest.xml:22:13-26:29
30                <action android:name="android.intent.action.MAIN" />
30-->src\main\AndroidManifest.xml:23:17-69
30-->src\main\AndroidManifest.xml:23:25-66
31
32                <category android:name="android.intent.category.LAUNCHER" />
32-->src\main\AndroidManifest.xml:25:17-77
32-->src\main\AndroidManifest.xml:25:27-74
33            </intent-filter>
34            <intent-filter>
34-->src\main\AndroidManifest.xml:28:4-30:20
35                <action android:name="android.hardware.usb.action.USB_DEVICE_ATTACHED" />
35-->src\main\AndroidManifest.xml:29:6-79
35-->src\main\AndroidManifest.xml:29:14-76
36            </intent-filter>
37            <intent-filter>
37-->src\main\AndroidManifest.xml:34:14-37:29
38                <action android:name="android.media.action.IMAGE_CAPTURE" />
38-->src\main\AndroidManifest.xml:35:17-76
38-->src\main\AndroidManifest.xml:35:25-74
39
40                <category android:name="android.intent.category.DEFAULT" />
40-->src\main\AndroidManifest.xml:36:17-75
40-->src\main\AndroidManifest.xml:36:27-73
41            </intent-filter>
42
43            <meta-data
43-->src\main\AndroidManifest.xml:38:6-120
44                android:name="android.hardware.usb.action.USB_DEVICE_ATTACHED"
44-->src\main\AndroidManifest.xml:38:17-79
45                android:resource="@xml/device_filter" />
45-->src\main\AndroidManifest.xml:38:80-117
46        </activity>
47
48        <meta-data
48-->[com.android.support:appcompat-v7:26.1.0] AndroidManifest.xml:26:9-28:38
49            android:name="android.support.VERSION"
49-->[com.android.support:appcompat-v7:26.1.0] AndroidManifest.xml:27:13-51
50            android:value="26.1.0" />
50-->[com.android.support:appcompat-v7:26.1.0] AndroidManifest.xml:28:13-35
51        <meta-data
51-->[android.arch.lifecycle:runtime:1.0.0] AndroidManifest.xml:25:9-27:47
52            android:name="android.arch.lifecycle.VERSION"
52-->[android.arch.lifecycle:runtime:1.0.0] AndroidManifest.xml:26:13-58
53            android:value="27.0.0-SNAPSHOT" />
53-->[android.arch.lifecycle:runtime:1.0.0] AndroidManifest.xml:27:13-44
54    </application>
55
56</manifest>